<?xml version="1.0" encoding="UTF-8"?>
<testng-results ignored="0" total="0" passed="0" failed="0" skipped="0">
  <reporter-output>
  </reporter-output>
  <suite started-at="2022-04-19T09:10:54 IST" name="Default suite" finished-at="2022-04-19T09:10:55 IST" duration-ms="218">
    <groups>
      <group name="cucumber">
        <method signature="AbstractTestNGCucumberTests.runScenario(io.cucumber.testng.PickleWrapper,io.cucumber.testng.FeatureWrapper)[pri:0, instance:AppRunner.MyTestRunner@5fdcaa40]" name="runScenario" class="io.cucumber.testng.AbstractTestNGCucumberTests"/>
      </group> <!-- cucumber -->
    </groups>
    <test started-at="2022-04-19T09:10:54 IST" name="Default test" finished-at="2022-04-19T09:10:55 IST" duration-ms="218">
      <class name="AppRunner.MyTestRunner">
        <test-method is-config="true" signature="setUpClass()[pri:0, instance:AppRunner.MyTestRunner@5fdcaa40]" started-at="2022-04-19T09:10:54 IST" name="setUpClass" finished-at="2022-04-19T09:10:55 IST" duration-ms="176" status="PASS">
          <reporter-output>
          </reporter-output>
        </test-method> <!-- setUpClass -->
        <test-method is-config="true" signature="tearDownClass()[pri:0, instance:AppRunner.MyTestRunner@5fdcaa40]" started-at="2022-04-19T09:10:55 IST" name="tearDownClass" finished-at="2022-04-19T09:10:55 IST" duration-ms="10" status="PASS">
          <reporter-output>
          </reporter-output>
        </test-method> <!-- tearDownClass -->
      </class> <!-- AppRunner.MyTestRunner -->
    </test> <!-- Default test -->
  </suite> <!-- Default suite -->
</testng-results>
